c:\users\59405\taco\build\cmakefiles\generate.stamp
c:\users\59405\taco\build\_deps\eigen-build\cmakefiles\generate.stamp
c:\users\59405\taco\build\_deps\eigen-build\doc\cmakefiles\generate.stamp
c:\users\59405\taco\build\_deps\eigen-build\doc\examples\cmakefiles\generate.stamp
c:\users\59405\taco\build\_deps\eigen-build\doc\special_examples\cmakefiles\generate.stamp
c:\users\59405\taco\build\_deps\eigen-build\doc\snippets\cmakefiles\generate.stamp
c:\users\59405\taco\build\_deps\eigen-build\test\cmakefiles\generate.stamp
c:\users\59405\taco\build\_deps\eigen-build\failtest\cmakefiles\generate.stamp
c:\users\59405\taco\build\_deps\eigen-build\blas\cmakefiles\generate.stamp
c:\users\59405\taco\build\_deps\eigen-build\lapack\cmakefiles\generate.stamp
c:\users\59405\taco\build\_deps\eigen-build\unsupported\cmakefiles\generate.stamp
c:\users\59405\taco\build\_deps\eigen-build\unsupported\eigen\cmakefiles\generate.stamp
c:\users\59405\taco\build\_deps\eigen-build\unsupported\eigen\cxx11\cmakefiles\generate.stamp
c:\users\59405\taco\build\_deps\eigen-build\unsupported\doc\cmakefiles\generate.stamp
c:\users\59405\taco\build\_deps\eigen-build\unsupported\doc\examples\cmakefiles\generate.stamp
c:\users\59405\taco\build\_deps\eigen-build\unsupported\doc\snippets\cmakefiles\generate.stamp
c:\users\59405\taco\build\_deps\eigen-build\unsupported\test\cmakefiles\generate.stamp
c:\users\59405\taco\build\_deps\eigen-build\demos\cmakefiles\generate.stamp
c:\users\59405\taco\build\_deps\eigen-build\scripts\cmakefiles\generate.stamp
c:\users\59405\taco\build\x64\release\zero_check\zero_check.tlog\custombuild.command.1.tlog
c:\users\59405\taco\build\x64\release\zero_check\zero_check.tlog\custombuild.read.1.tlog
c:\users\59405\taco\build\x64\release\zero_check\zero_check.tlog\custombuild.write.1.tlog
